<?xml version="1.0" encoding="UTF-8"?>
<!-- Generated by org.testng.reporters.JUnitXMLReporter -->
<testsuite ignored="0" hostname="IVLT-WIN" failures="0" tests="4" name="Test" time="0.116" errors="0" timestamp="2022-04-11T00:14:04 BOT">
  <testcase classname="Test.day2" name="Day2Demo" time="0.017"/>
  <testcase classname="Test.day2" name="Day2Demo2" time="0.005"/>
  <testcase classname="Test.day1" name="Demo" time="0.003"/>
  <testcase classname="Test.day1" name="Demo2" time="0.003"/>
</testsuite> <!-- Test -->
