<?xml version="1.0" encoding="UTF-8"?>
<!-- Generated by org.testng.reporters.JUnitXMLReporter -->
<testsuite ignored="0" hostname="IVLT-WIN" failures="0" tests="6" name="ActivityReport" time="0.066" errors="0" timestamp="2022-04-13T00:28:53 BOT">
  <testcase classname="Test.day3" name="CRMActivityList" time="0.001"/>
  <testcase classname="Test.day3" name="CRMReports" time="0.004"/>
  <testcase classname="Test.day3" name="MobileCRMContacts" time="0.003"/>
  <testcase classname="Test.day3" name="MobileCRMReports" time="0.002"/>
  <testcase classname="Test.day3" name="MobileCRMSettings" time="0.001"/>
  <testcase classname="Test.day3" name="MobileCRMGoals" time="0.002"/>
</testsuite> <!-- ActivityReport -->
