<?xml version="1.0" encoding="UTF-8"?>
<!-- Generated by org.testng.reporters.JUnitXMLReporter -->
<testsuite ignored="0" hostname="IVLT-WIN" failures="1" tests="6" name="Login" time="0.15" errors="0" timestamp="2022-04-13T00:28:53 BOT">
  <testcase classname="Test.day1" name="LoginAPICRM" time="0.006"/>
  <testcase classname="Test.day1" name="MobileLoginCRM" time="0.009">
    <failure type="java.lang.AssertionError" message="expected [true] but found [false]">
      <![CDATA[java.lang.AssertionError: expected [true] but found [false]
at Test.day1.MobileLoginCRM(day1.java:40)
at java.base/java.util.ArrayList.forEach(ArrayList.java:1511)
at java.base/java.util.concurrent.FutureTask.run(FutureTask.java:264)
at java.base/java.util.concurrent.ThreadPoolExecutor.runWorker(ThreadPoolExecutor.java:1136)
at java.base/java.util.concurrent.ThreadPoolExecutor$Worker.run(ThreadPoolExecutor.java:635)
at java.base/java.lang.Thread.run(Thread.java:833)
... Removed 22 stack frames]]>
    </failure>
  </testcase> <!-- MobileLoginCRM -->
  <testcase classname="Test.day1" name="WebLoginCRM" time="0.009"/>
  <testcase classname="Test.day2" name="LoginAPICRMDashboard" time="0.002"/>
  <testcase classname="Test.day2" name="MobileLoginCRMDashboard" time="0.002"/>
  <testcase classname="Test.day2" name="WebLoginCRMDashboard" time="0.002"/>
</testsuite> <!-- Login -->
