<?xml version="1.0" encoding="UTF-8"?>
<!-- Generated by org.testng.reporters.JUnitXMLReporter -->
<testsuite ignored="0" hostname="IVLT-WIN" failures="0" tests="6" name="Login" time="0.103" errors="0" timestamp="2022-04-11T00:32:02 BOT">
  <testcase classname="Test.day1" name="LoginAPICRM" time="0.013"/>
  <testcase classname="Test.day1" name="MobileLoginCRM" time="0.006"/>
  <testcase classname="Test.day1" name="WebLoginCRM" time="0.002"/>
  <testcase classname="Test.day2" name="LoginAPICRMDashboard" time="0.004"/>
  <testcase classname="Test.day2" name="MobileLoginCRMDashboard" time="0.003"/>
  <testcase classname="Test.day2" name="WebLoginCRMDashboard" time="0.002"/>
</testsuite> <!-- Login -->
