<?xml version="1.0" encoding="UTF-8"?>
<!-- Generated by org.testng.reporters.JUnitXMLReporter -->
<testsuite ignored="10" hostname="IVLT-WIN" failures="0" tests="4" name="Regressions" time="0.108" errors="0" timestamp="2022-04-11T23:01:12 BOT">
  <testcase classname="Test.day1" name="LoginAPICRM" time="0.011"/>
  <testcase classname="Test.day1" name="WebLoginCRM" time="0.001"/>
  <testcase classname="Test.day3" name="CRMReports" time="0.006"/>
  <testcase classname="Test.day4" name="CRMUserProfile" time="0.002"/>
  <testcase classname="Test.day3" name="MobileCRMContacts" time="0.0">
    <ignored/>
  </testcase> <!-- MobileCRMContacts -->
  <testcase classname="Test.day2" name="WebLoginCRMDashboard" time="0.0">
    <ignored/>
  </testcase> <!-- WebLoginCRMDashboard -->
  <testcase classname="Test.day3" name="MobileCRMSettings" time="0.0">
    <ignored/>
  </testcase> <!-- MobileCRMSettings -->
  <testcase classname="Test.day3" name="MobileCRMReports" time="0.0">
    <ignored/>
  </testcase> <!-- MobileCRMReports -->
  <testcase classname="Test.day2" name="LoginAPICRMDashboard" time="0.0">
    <ignored/>
  </testcase> <!-- LoginAPICRMDashboard -->
  <testcase classname="Test.day3" name="MobileCRMGoals" time="0.0">
    <ignored/>
  </testcase> <!-- MobileCRMGoals -->
  <testcase classname="Test.day4" name="CRMUserList" time="0.0">
    <ignored/>
  </testcase> <!-- CRMUserList -->
  <testcase classname="Test.day3" name="CRMActivityList" time="0.0">
    <ignored/>
  </testcase> <!-- CRMActivityList -->
  <testcase classname="Test.day2" name="MobileLoginCRMDashboard" time="0.0">
    <ignored/>
  </testcase> <!-- MobileLoginCRMDashboard -->
  <testcase classname="Test.day1" name="MobileLoginCRM" time="0.0">
    <ignored/>
  </testcase> <!-- MobileLoginCRM -->
</testsuite> <!-- Regressions -->
