<?xml version="1.0" encoding="UTF-8"?>
<!-- Generated by org.testng.reporters.JUnitXMLReporter -->
<testsuite ignored="0" hostname="IVLT-WIN" failures="0" tests="4" name="Settings" time="0.054" errors="0" timestamp="2022-04-13T00:28:53 BOT">
  <testcase classname="Test.day4" name="CRMUserList" time="0.002"/>
  <testcase classname="Test.day4" name="CRMUserList" time="0.01"/>
  <testcase classname="Test.day4" name="CRMUserList" time="0.014"/>
  <testcase classname="Test.day4" name="CRMUserProfile" time="0.005"/>
</testsuite> <!-- Settings -->
