<?xml version="1.0" encoding="UTF-8"?>
<testng-results ignored="0" total="10" passed="10" failed="0" skipped="0">
  <reporter-output>
  </reporter-output>
  <suite started-at="2022-04-11T00:32:02 BOT" name="CRM Basics" finished-at="2022-04-11T00:32:02 BOT" duration-ms="284">
    <groups>
    </groups>
    <test started-at="2022-04-11T00:32:02 BOT" name="Login" finished-at="2022-04-11T00:32:02 BOT" duration-ms="103">
      <class name="Test.day1">
        <test-method signature="LoginAPICRM()[pri:0, instance:Test.day1@524d6d96]" started-at="2022-04-11T00:32:02 BOT" name="LoginAPICRM" finished-at="2022-04-11T00:32:02 BOT" duration-ms="13" status="PASS">
          <reporter-output>
          </reporter-output>
        </test-method> <!-- LoginAPICRM -->
        <test-method signature="MobileLoginCRM()[pri:0, instance:Test.day1@524d6d96]" started-at="2022-04-11T00:32:02 BOT" name="MobileLoginCRM" finished-at="2022-04-11T00:32:02 BOT" duration-ms="6" status="PASS">
          <reporter-output>
          </reporter-output>
        </test-method> <!-- MobileLoginCRM -->
        <test-method signature="WebLoginCRM()[pri:0, instance:Test.day1@524d6d96]" started-at="2022-04-11T00:32:02 BOT" name="WebLoginCRM" finished-at="2022-04-11T00:32:02 BOT" duration-ms="2" status="PASS">
          <reporter-output>
          </reporter-output>
        </test-method> <!-- WebLoginCRM -->
      </class> <!-- Test.day1 -->
      <class name="Test.day2">
        <test-method signature="LoginAPICRMDashboard()[pri:0, instance:Test.day2@770d3326]" started-at="2022-04-11T00:32:02 BOT" name="LoginAPICRMDashboard" finished-at="2022-04-11T00:32:02 BOT" duration-ms="4" status="PASS">
          <reporter-output>
          </reporter-output>
        </test-method> <!-- LoginAPICRMDashboard -->
        <test-method signature="MobileLoginCRMDashboard()[pri:0, instance:Test.day2@770d3326]" started-at="2022-04-11T00:32:02 BOT" name="MobileLoginCRMDashboard" finished-at="2022-04-11T00:32:02 BOT" duration-ms="3" status="PASS">
          <reporter-output>
          </reporter-output>
        </test-method> <!-- MobileLoginCRMDashboard -->
        <test-method signature="WebLoginCRMDashboard()[pri:0, instance:Test.day2@770d3326]" started-at="2022-04-11T00:32:02 BOT" name="WebLoginCRMDashboard" finished-at="2022-04-11T00:32:02 BOT" duration-ms="2" status="PASS">
          <reporter-output>
          </reporter-output>
        </test-method> <!-- WebLoginCRMDashboard -->
      </class> <!-- Test.day2 -->
    </test> <!-- Login -->
    <test started-at="2022-04-11T00:32:02 BOT" name="ActivityReport" finished-at="2022-04-11T00:32:02 BOT" duration-ms="11">
      <class name="Test.day3">
        <test-method signature="CRMActivityList()[pri:0, instance:Test.day3@212b5695]" started-at="2022-04-11T00:32:02 BOT" name="CRMActivityList" finished-at="2022-04-11T00:32:02 BOT" duration-ms="2" status="PASS">
          <reporter-output>
          </reporter-output>
        </test-method> <!-- CRMActivityList -->
        <test-method signature="CRMReports()[pri:0, instance:Test.day3@212b5695]" started-at="2022-04-11T00:32:02 BOT" name="CRMReports" finished-at="2022-04-11T00:32:02 BOT" duration-ms="3" status="PASS">
          <reporter-output>
          </reporter-output>
        </test-method> <!-- CRMReports -->
      </class> <!-- Test.day3 -->
    </test> <!-- ActivityReport -->
    <test started-at="2022-04-11T00:32:02 BOT" name="Settings" finished-at="2022-04-11T00:32:02 BOT" duration-ms="19">
      <class name="Test.day4">
        <test-method signature="CRMUserList()[pri:0, instance:Test.day4@4de4b452]" started-at="2022-04-11T00:32:02 BOT" name="CRMUserList" finished-at="2022-04-11T00:32:02 BOT" duration-ms="2" status="PASS">
          <reporter-output>
          </reporter-output>
        </test-method> <!-- CRMUserList -->
        <test-method signature="CRMUserProfile()[pri:0, instance:Test.day4@4de4b452]" started-at="2022-04-11T00:32:02 BOT" name="CRMUserProfile" finished-at="2022-04-11T00:32:02 BOT" duration-ms="2" status="PASS">
          <reporter-output>
          </reporter-output>
        </test-method> <!-- CRMUserProfile -->
      </class> <!-- Test.day4 -->
    </test> <!-- Settings -->
  </suite> <!-- CRM Basics -->
</testng-results>
