<?xml version="1.0" encoding="UTF-8"?>
<testng-results ignored="0" total="16" passed="15" failed="1" skipped="0">
  <reporter-output>
  </reporter-output>
  <suite started-at="2022-04-13T00:28:53 BOT" name="CRM Basics" finished-at="2022-04-13T00:28:53 BOT" duration-ms="505">
    <groups>
      <group name="Smoke">
        <method signature="day1.LoginAPICRM()[pri:0, instance:Test.day1@50ad3bc1]" name="LoginAPICRM" class="Test.day1"/>
        <method signature="day1.WebLoginCRM(java.lang.String,java.lang.String)[pri:0, instance:Test.day1@50ad3bc1]" name="WebLoginCRM" class="Test.day1"/>
        <method signature="day4.CRMUserProfile()[pri:0, instance:Test.day4@2f217633]" name="CRMUserProfile" class="Test.day4"/>
        <method signature="day3.CRMReports()[pri:0, instance:Test.day3@4fb3ee4e]" name="CRMReports" class="Test.day3"/>
      </group> <!-- Smoke -->
    </groups>
    <test started-at="2022-04-13T00:28:53 BOT" name="Login" finished-at="2022-04-13T00:28:53 BOT" duration-ms="150">
      <class name="Test.day1">
        <test-method is-config="true" signature="preRequisite()[pri:0, instance:Test.day1@50ad3bc1]" started-at="2022-04-13T00:28:53 BOT" name="preRequisite" finished-at="2022-04-13T00:28:53 BOT" duration-ms="1" status="PASS">
          <reporter-output>
          </reporter-output>
        </test-method> <!-- preRequisite -->
        <test-method is-config="true" signature="BefoMeth()[pri:0, instance:Test.day1@50ad3bc1]" started-at="2022-04-13T00:28:53 BOT" name="BefoMeth" finished-at="2022-04-13T00:28:53 BOT" duration-ms="0" status="PASS">
          <reporter-output>
          </reporter-output>
        </test-method> <!-- BefoMeth -->
        <test-method signature="LoginAPICRM()[pri:0, instance:Test.day1@50ad3bc1]" started-at="2022-04-13T00:28:53 BOT" name="LoginAPICRM" finished-at="2022-04-13T00:28:53 BOT" duration-ms="6" status="PASS">
          <reporter-output>
          </reporter-output>
        </test-method> <!-- LoginAPICRM -->
        <test-method is-config="true" signature="BefoMeth()[pri:0, instance:Test.day1@50ad3bc1]" started-at="2022-04-13T00:28:53 BOT" name="BefoMeth" finished-at="2022-04-13T00:28:53 BOT" duration-ms="3" status="PASS">
          <reporter-output>
          </reporter-output>
        </test-method> <!-- BefoMeth -->
        <test-method signature="MobileLoginCRM()[pri:0, instance:Test.day1@50ad3bc1]" started-at="2022-04-13T00:28:53 BOT" name="MobileLoginCRM" finished-at="2022-04-13T00:28:53 BOT" duration-ms="9" status="FAIL">
          <exception class="java.lang.AssertionError">
            <message>
              <![CDATA[expected [true] but found [false]]]>
            </message>
            <full-stacktrace>
              <![CDATA[java.lang.AssertionError: expected [true] but found [false]
at org.testng.Assert.fail(Assert.java:99)
at org.testng.Assert.failNotEquals(Assert.java:1037)
at org.testng.Assert.assertTrue(Assert.java:45)
at org.testng.Assert.assertTrue(Assert.java:55)
at Test.day1.MobileLoginCRM(day1.java:40)
at java.base/jdk.internal.reflect.NativeMethodAccessorImpl.invoke0(Native Method)
at java.base/jdk.internal.reflect.NativeMethodAccessorImpl.invoke(NativeMethodAccessorImpl.java:77)
at java.base/jdk.internal.reflect.DelegatingMethodAccessorImpl.invoke(DelegatingMethodAccessorImpl.java:43)
at java.base/java.lang.reflect.Method.invoke(Method.java:568)
at org.testng.internal.MethodInvocationHelper.invokeMethod(MethodInvocationHelper.java:133)
at org.testng.internal.TestInvoker.invokeMethod(TestInvoker.java:598)
at org.testng.internal.TestInvoker.invokeTestMethod(TestInvoker.java:173)
at org.testng.internal.MethodRunner.runInSequence(MethodRunner.java:46)
at org.testng.internal.TestInvoker$MethodInvocationAgent.invoke(TestInvoker.java:824)
at org.testng.internal.TestInvoker.invokeTestMethods(TestInvoker.java:146)
at org.testng.internal.TestMethodWorker.invokeTestMethods(TestMethodWorker.java:146)
at org.testng.internal.TestMethodWorker.run(TestMethodWorker.java:128)
at java.base/java.util.ArrayList.forEach(ArrayList.java:1511)
at org.testng.TestRunner.privateRun(TestRunner.java:794)
at org.testng.TestRunner.run(TestRunner.java:596)
at org.testng.SuiteRunner.runTest(SuiteRunner.java:377)
at org.testng.SuiteRunner.access$000(SuiteRunner.java:28)
at org.testng.SuiteRunner$SuiteWorker.run(SuiteRunner.java:418)
at org.testng.internal.thread.ThreadUtil.lambda$execute$0(ThreadUtil.java:64)
at java.base/java.util.concurrent.FutureTask.run(FutureTask.java:264)
at java.base/java.util.concurrent.ThreadPoolExecutor.runWorker(ThreadPoolExecutor.java:1136)
at java.base/java.util.concurrent.ThreadPoolExecutor$Worker.run(ThreadPoolExecutor.java:635)
at java.base/java.lang.Thread.run(Thread.java:833)
]]>
            </full-stacktrace>
          </exception> <!-- java.lang.AssertionError -->
          <reporter-output>
          </reporter-output>
        </test-method> <!-- MobileLoginCRM -->
        <test-method is-config="true" signature="BefoMeth()[pri:0, instance:Test.day1@50ad3bc1]" started-at="2022-04-13T00:28:53 BOT" name="BefoMeth" finished-at="2022-04-13T00:28:53 BOT" duration-ms="1" status="PASS">
          <reporter-output>
          </reporter-output>
        </test-method> <!-- BefoMeth -->
        <test-method signature="WebLoginCRM(java.lang.String,java.lang.String)[pri:0, instance:Test.day1@50ad3bc1]" started-at="2022-04-13T00:28:53 BOT" name="WebLoginCRM" finished-at="2022-04-13T00:28:53 BOT" duration-ms="9" status="PASS">
          <params>
            <param index="0">
              <value>
                <![CDATA[testing.com]]>
              </value>
            </param>
            <param index="1">
              <value>
                <![CDATA[1234]]>
              </value>
            </param>
          </params>
          <reporter-output>
          </reporter-output>
        </test-method> <!-- WebLoginCRM -->
        <test-method is-config="true" signature="postRequisite()[pri:0, instance:Test.day1@50ad3bc1]" started-at="2022-04-13T00:28:53 BOT" name="postRequisite" finished-at="2022-04-13T00:28:53 BOT" duration-ms="1" status="PASS">
          <reporter-output>
          </reporter-output>
        </test-method> <!-- postRequisite -->
      </class> <!-- Test.day1 -->
      <class name="Test.day2">
        <test-method signature="LoginAPICRMDashboard(java.lang.String)[pri:0, instance:Test.day2@2fd1433e]" started-at="2022-04-13T00:28:53 BOT" name="LoginAPICRMDashboard" finished-at="2022-04-13T00:28:53 BOT" duration-ms="2" status="PASS">
          <params>
            <param index="0">
              <value>
                <![CDATA[testing.com]]>
              </value>
            </param>
          </params>
          <reporter-output>
          </reporter-output>
        </test-method> <!-- LoginAPICRMDashboard -->
        <test-method is-config="true" signature="AftMeth()[pri:0, instance:Test.day2@2fd1433e]" started-at="2022-04-13T00:28:53 BOT" name="AftMeth" finished-at="2022-04-13T00:28:53 BOT" duration-ms="2" status="PASS">
          <reporter-output>
          </reporter-output>
        </test-method> <!-- AftMeth -->
        <test-method signature="MobileLoginCRMDashboard()[pri:0, instance:Test.day2@2fd1433e]" started-at="2022-04-13T00:28:53 BOT" name="MobileLoginCRMDashboard" finished-at="2022-04-13T00:28:53 BOT" duration-ms="2" status="PASS">
          <reporter-output>
          </reporter-output>
        </test-method> <!-- MobileLoginCRMDashboard -->
        <test-method is-config="true" signature="AftMeth()[pri:0, instance:Test.day2@2fd1433e]" started-at="2022-04-13T00:28:53 BOT" name="AftMeth" finished-at="2022-04-13T00:28:53 BOT" duration-ms="1" status="PASS">
          <reporter-output>
          </reporter-output>
        </test-method> <!-- AftMeth -->
        <test-method signature="WebLoginCRMDashboard()[pri:0, instance:Test.day2@2fd1433e]" started-at="2022-04-13T00:28:53 BOT" name="WebLoginCRMDashboard" finished-at="2022-04-13T00:28:53 BOT" duration-ms="2" status="PASS">
          <reporter-output>
          </reporter-output>
        </test-method> <!-- WebLoginCRMDashboard -->
        <test-method is-config="true" signature="AftMeth()[pri:0, instance:Test.day2@2fd1433e]" started-at="2022-04-13T00:28:53 BOT" name="AftMeth" finished-at="2022-04-13T00:28:53 BOT" duration-ms="0" status="PASS">
          <reporter-output>
          </reporter-output>
        </test-method> <!-- AftMeth -->
      </class> <!-- Test.day2 -->
    </test> <!-- Login -->
    <test started-at="2022-04-13T00:28:53 BOT" name="Settings" finished-at="2022-04-13T00:28:53 BOT" duration-ms="54">
      <class name="Test.day4">
        <test-method signature="CRMUserList(java.lang.String,java.lang.String)[pri:0, instance:Test.day4@2f217633]" started-at="2022-04-13T00:28:53 BOT" name="CRMUserList" data-provider="getData" finished-at="2022-04-13T00:28:53 BOT" duration-ms="2" status="PASS">
          <params>
            <param index="0">
              <value>
                <![CDATA[firstusername]]>
              </value>
            </param>
            <param index="1">
              <value>
                <![CDATA[firstpassword]]>
              </value>
            </param>
          </params>
          <reporter-output>
          </reporter-output>
        </test-method> <!-- CRMUserList -->
        <test-method signature="CRMUserList(java.lang.String,java.lang.String)[pri:0, instance:Test.day4@2f217633]" started-at="2022-04-13T00:28:53 BOT" name="CRMUserList" data-provider="getData" finished-at="2022-04-13T00:28:53 BOT" duration-ms="10" status="PASS">
          <params>
            <param index="0">
              <value>
                <![CDATA[wrongusername]]>
              </value>
            </param>
            <param index="1">
              <value>
                <![CDATA[wrongpassword]]>
              </value>
            </param>
          </params>
          <reporter-output>
          </reporter-output>
        </test-method> <!-- CRMUserList -->
        <test-method signature="CRMUserList(java.lang.String,java.lang.String)[pri:0, instance:Test.day4@2f217633]" started-at="2022-04-13T00:28:53 BOT" name="CRMUserList" data-provider="getData" finished-at="2022-04-13T00:28:53 BOT" duration-ms="14" status="PASS">
          <params>
            <param index="0">
              <value>
                <![CDATA[goodusername]]>
              </value>
            </param>
            <param index="1">
              <value>
                <![CDATA[wrongpassword]]>
              </value>
            </param>
          </params>
          <reporter-output>
          </reporter-output>
        </test-method> <!-- CRMUserList -->
        <test-method signature="CRMUserProfile()[pri:0, instance:Test.day4@2f217633]" started-at="2022-04-13T00:28:53 BOT" name="CRMUserProfile" finished-at="2022-04-13T00:28:53 BOT" duration-ms="5" status="PASS">
          <reporter-output>
          </reporter-output>
        </test-method> <!-- CRMUserProfile -->
      </class> <!-- Test.day4 -->
    </test> <!-- Settings -->
    <test started-at="2022-04-13T00:28:53 BOT" name="ActivityReport" finished-at="2022-04-13T00:28:53 BOT" duration-ms="66">
      <class name="Test.day1">
        <test-method is-config="true" signature="AfterSuite()[pri:0, instance:Test.day1@50ad3bc1]" started-at="2022-04-13T00:28:53 BOT" name="AfterSuite" finished-at="2022-04-13T00:28:53 BOT" duration-ms="0" status="PASS">
          <reporter-output>
          </reporter-output>
        </test-method> <!-- AfterSuite -->
      </class> <!-- Test.day1 -->
      <class name="Test.day3">
        <test-method is-config="true" signature="BeforeSuite()[pri:0, instance:Test.day3@4fb3ee4e]" started-at="2022-04-13T00:28:53 BOT" name="BeforeSuite" finished-at="2022-04-13T00:28:53 BOT" duration-ms="13" status="PASS">
          <reporter-output>
          </reporter-output>
        </test-method> <!-- BeforeSuite -->
        <test-method signature="CRMActivityList()[pri:0, instance:Test.day3@4fb3ee4e]" started-at="2022-04-13T00:28:53 BOT" name="CRMActivityList" finished-at="2022-04-13T00:28:53 BOT" duration-ms="1" status="PASS">
          <reporter-output>
          </reporter-output>
        </test-method> <!-- CRMActivityList -->
        <test-method signature="CRMReports()[pri:0, instance:Test.day3@4fb3ee4e]" started-at="2022-04-13T00:28:53 BOT" name="CRMReports" finished-at="2022-04-13T00:28:53 BOT" duration-ms="4" status="PASS">
          <reporter-output>
          </reporter-output>
        </test-method> <!-- CRMReports -->
        <test-method signature="MobileCRMContacts()[pri:0, instance:Test.day3@4fb3ee4e]" started-at="2022-04-13T00:28:53 BOT" name="MobileCRMContacts" finished-at="2022-04-13T00:28:53 BOT" duration-ms="3" status="PASS">
          <reporter-output>
          </reporter-output>
        </test-method> <!-- MobileCRMContacts -->
        <test-method signature="MobileCRMReports(java.lang.String)[pri:0, instance:Test.day3@4fb3ee4e]" started-at="2022-04-13T00:28:53 BOT" name="MobileCRMReports" finished-at="2022-04-13T00:28:53 BOT" duration-ms="2" status="PASS">
          <params>
            <param index="0">
              <value>
                <![CDATA[qaclickacademy.com]]>
              </value>
            </param>
          </params>
          <reporter-output>
          </reporter-output>
        </test-method> <!-- MobileCRMReports -->
        <test-method signature="MobileCRMSettings()[pri:0, instance:Test.day3@4fb3ee4e]" started-at="2022-04-13T00:28:53 BOT" name="MobileCRMSettings" finished-at="2022-04-13T00:28:53 BOT" duration-ms="1" status="PASS">
          <reporter-output>
          </reporter-output>
        </test-method> <!-- MobileCRMSettings -->
        <test-method signature="MobileCRMGoals()[pri:0, instance:Test.day3@4fb3ee4e]" started-at="2022-04-13T00:28:53 BOT" name="MobileCRMGoals" finished-at="2022-04-13T00:28:53 BOT" depends-on-methods="Test.day3.CRMActivityList" duration-ms="2" status="PASS">
          <reporter-output>
          </reporter-output>
        </test-method> <!-- MobileCRMGoals -->
      </class> <!-- Test.day3 -->
    </test> <!-- ActivityReport -->
  </suite> <!-- CRM Basics -->
</testng-results>
